--------------------------------------------------------------------------------
Release 14.7 Trace  (nt)
Copyright (c) 1995-2013 Xilinx, Inc.  All rights reserved.

C:\Xilinx\14.7\ISE_DS\ISE\bin\nt\unwrapped\trce.exe -intstyle ise -v 3 -s 3 -n
3 -fastpaths -xml Multiplexor_2a1_5bits.twx Multiplexor_2a1_5bits.ncd -o
Multiplexor_2a1_5bits.twr Multiplexor_2a1_5bits.pcf

Design file:              Multiplexor_2a1_5bits.ncd
Physical constraint file: Multiplexor_2a1_5bits.pcf
Device,package,speed:     xc6slx16,csg324,C,-3 (PRODUCTION 1.23 2013-10-13)
Report level:             verbose report

Environment Variable      Effect 
--------------------      ------ 
NONE                      No environment variables were set
--------------------------------------------------------------------------------

INFO:Timing:2698 - No timing constraints found, doing default enumeration.
INFO:Timing:3412 - To improve timing, see the Timing Closure User Guide (UG612).
INFO:Timing:2752 - To get complete path coverage, use the unconstrained paths 
   option. All paths that are not constrained will be reported in the 
   unconstrained paths section(s) of the report.
INFO:Timing:3339 - The clock-to-out numbers in this timing report are based on 
   a 50 Ohm transmission line loading model.  For the details of this model, 
   and for more information on accounting for different loading conditions, 
   please see the device datasheet.



Data Sheet report:
-----------------
All values displayed in nanoseconds (ns)

Pad to Pad
---------------+---------------+---------+
Source Pad     |Destination Pad|  Delay  |
---------------+---------------+---------+
A<0>           |C<0>           |    6.301|
A<1>           |C<1>           |    6.365|
A<2>           |C<2>           |    6.614|
A<3>           |C<3>           |    6.574|
A<4>           |C<4>           |    6.868|
B<0>           |C<0>           |    6.288|
B<1>           |C<1>           |    6.504|
B<2>           |C<2>           |    6.467|
B<3>           |C<3>           |    6.557|
B<4>           |C<4>           |    6.462|
D              |C<0>           |    6.348|
D              |C<1>           |    6.479|
D              |C<2>           |    6.759|
D              |C<3>           |    6.809|
D              |C<4>           |    6.573|
---------------+---------------+---------+


Analysis completed Tue Aug 25 15:59:57 2020 
--------------------------------------------------------------------------------

Trace Settings:
-------------------------
Trace Settings 

Peak Memory Usage: 143 MB



