Command line:
   Decoder_TB_isim_beh.exe
     -simmode  gui
     -simrunnum  0
     -socket  1067

Sun Sep 20 20:08:31 2020


 Elaboration Time: 0.070101 sec

 Current Memory Usage: 484.016 Meg

 Total Signals          : 6
 Total Nets             : 38
 Total Signal Drivers   : 3
 Total Blocks           : 3
 Total Primitive Blocks : 2
 Total Processes        : 2
 Total Traceable Variables  : 8
 Total Scalar Nets and Variables : 398
Total Line Count : 54

 Total Simulation Time: 0.070101 sec

 Current Memory Usage: 326.73 Meg

Sun Sep 20 20:15:21 2020

