Command line:
   ALU_isim_beh.exe
     -simmode  gui
     -simrunnum  0
     -socket  1033

Tue Sep 01 13:05:30 2020


 Elaboration Time: 0.060087 sec

 Current Memory Usage: 480.965 Meg

 Total Signals          : 9
 Total Nets             : 197
 Total Signal Drivers   : 6
 Total Blocks           : 3
 Total Primitive Blocks : 3
 Total Processes        : 5
 Total Traceable Variables  : 14
 Total Scalar Nets and Variables : 712
Total Line Count : 35

 Total Simulation Time: 0.120173 sec

 Current Memory Usage: 323.678 Meg

Tue Sep 01 13:06:25 2020

