--------------------------------------------------------------------------------
Release 14.7 Trace  (nt)
Copyright (c) 1995-2013 Xilinx, Inc.  All rights reserved.

C:\Xilinx\14.7\ISE_DS\ISE\bin\nt\unwrapped\trce.exe -intstyle ise -v 3 -s 3 -n
3 -fastpaths -xml Adder.twx Adder.ncd -o Adder.twr Adder.pcf

Design file:              Adder.ncd
Physical constraint file: Adder.pcf
Device,package,speed:     xc6slx16,csg324,C,-3 (PRODUCTION 1.23 2013-10-13)
Report level:             verbose report

Environment Variable      Effect 
--------------------      ------ 
NONE                      No environment variables were set
--------------------------------------------------------------------------------

INFO:Timing:2698 - No timing constraints found, doing default enumeration.
INFO:Timing:3412 - To improve timing, see the Timing Closure User Guide (UG612).
INFO:Timing:2752 - To get complete path coverage, use the unconstrained paths 
   option. All paths that are not constrained will be reported in the 
   unconstrained paths section(s) of the report.
INFO:Timing:3339 - The clock-to-out numbers in this timing report are based on 
   a 50 Ohm transmission line loading model.  For the details of this model, 
   and for more information on accounting for different loading conditions, 
   please see the device datasheet.



Data Sheet report:
-----------------
All values displayed in nanoseconds (ns)

Pad to Pad
---------------+---------------+---------+
Source Pad     |Destination Pad|  Delay  |
---------------+---------------+---------+
A<0>           |C<0>           |   11.906|
A<0>           |C<1>           |   11.952|
A<0>           |C<2>           |   11.744|
A<0>           |C<3>           |   11.757|
A<0>           |C<4>           |   12.001|
A<0>           |C<5>           |   12.008|
A<0>           |C<6>           |   11.774|
A<0>           |C<7>           |   11.725|
A<0>           |C<8>           |   11.684|
A<0>           |C<9>           |   11.750|
A<0>           |C<10>          |   11.574|
A<0>           |C<11>          |   11.635|
A<0>           |C<12>          |   10.932|
A<0>           |C<13>          |   10.995|
A<0>           |C<14>          |   10.943|
A<0>           |C<15>          |   11.162|
A<0>           |C<16>          |   10.742|
A<0>           |C<17>          |   10.902|
A<0>           |C<18>          |   10.871|
A<0>           |C<19>          |   11.123|
A<0>           |C<20>          |   11.017|
A<0>           |C<21>          |   10.981|
A<0>           |C<22>          |   10.746|
A<0>           |C<23>          |   10.944|
A<0>           |C<24>          |   10.900|
A<0>           |C<25>          |   10.856|
A<0>           |C<26>          |   11.609|
A<0>           |C<27>          |   11.597|
A<0>           |C<28>          |   11.503|
A<0>           |C<29>          |   11.593|
A<0>           |C<30>          |   11.904|
A<0>           |C<31>          |   11.768|
A<1>           |C<1>           |   12.176|
A<1>           |C<2>           |   12.020|
A<1>           |C<3>           |   12.049|
A<1>           |C<4>           |   12.289|
A<1>           |C<5>           |   12.296|
A<1>           |C<6>           |   12.062|
A<1>           |C<7>           |   12.013|
A<1>           |C<8>           |   11.972|
A<1>           |C<9>           |   12.038|
A<1>           |C<10>          |   11.862|
A<1>           |C<11>          |   11.923|
A<1>           |C<12>          |   11.220|
A<1>           |C<13>          |   11.283|
A<1>           |C<14>          |   11.231|
A<1>           |C<15>          |   11.450|
A<1>           |C<16>          |   11.030|
A<1>           |C<17>          |   11.190|
A<1>           |C<18>          |   11.159|
A<1>           |C<19>          |   11.411|
A<1>           |C<20>          |   11.305|
A<1>           |C<21>          |   11.269|
A<1>           |C<22>          |   11.034|
A<1>           |C<23>          |   11.232|
A<1>           |C<24>          |   11.188|
A<1>           |C<25>          |   11.144|
A<1>           |C<26>          |   11.897|
A<1>           |C<27>          |   11.885|
A<1>           |C<28>          |   11.791|
A<1>           |C<29>          |   11.881|
A<1>           |C<30>          |   12.192|
A<1>           |C<31>          |   12.056|
A<2>           |C<2>           |   11.775|
A<2>           |C<3>           |   11.781|
A<2>           |C<4>           |   12.054|
A<2>           |C<5>           |   12.061|
A<2>           |C<6>           |   11.827|
A<2>           |C<7>           |   11.778|
A<2>           |C<8>           |   11.737|
A<2>           |C<9>           |   11.803|
A<2>           |C<10>          |   11.627|
A<2>           |C<11>          |   11.688|
A<2>           |C<12>          |   10.985|
A<2>           |C<13>          |   11.048|
A<2>           |C<14>          |   10.996|
A<2>           |C<15>          |   11.215|
A<2>           |C<16>          |   10.795|
A<2>           |C<17>          |   10.955|
A<2>           |C<18>          |   10.924|
A<2>           |C<19>          |   11.176|
A<2>           |C<20>          |   11.070|
A<2>           |C<21>          |   11.034|
A<2>           |C<22>          |   10.799|
A<2>           |C<23>          |   10.997|
A<2>           |C<24>          |   10.953|
A<2>           |C<25>          |   10.909|
A<2>           |C<26>          |   11.662|
A<2>           |C<27>          |   11.650|
A<2>           |C<28>          |   11.556|
A<2>           |C<29>          |   11.646|
A<2>           |C<30>          |   11.957|
A<2>           |C<31>          |   11.821|
A<3>           |C<3>           |   11.551|
A<3>           |C<4>           |   11.931|
A<3>           |C<5>           |   11.938|
A<3>           |C<6>           |   11.704|
A<3>           |C<7>           |   11.655|
A<3>           |C<8>           |   11.614|
A<3>           |C<9>           |   11.680|
A<3>           |C<10>          |   11.504|
A<3>           |C<11>          |   11.565|
A<3>           |C<12>          |   10.862|
A<3>           |C<13>          |   10.925|
A<3>           |C<14>          |   10.873|
A<3>           |C<15>          |   11.092|
A<3>           |C<16>          |   10.672|
A<3>           |C<17>          |   10.832|
A<3>           |C<18>          |   10.801|
A<3>           |C<19>          |   11.053|
A<3>           |C<20>          |   10.947|
A<3>           |C<21>          |   10.911|
A<3>           |C<22>          |   10.676|
A<3>           |C<23>          |   10.874|
A<3>           |C<24>          |   10.830|
A<3>           |C<25>          |   10.786|
A<3>           |C<26>          |   11.539|
A<3>           |C<27>          |   11.527|
A<3>           |C<28>          |   11.433|
A<3>           |C<29>          |   11.523|
A<3>           |C<30>          |   11.834|
A<3>           |C<31>          |   11.698|
A<4>           |C<4>           |   11.747|
A<4>           |C<5>           |   11.733|
A<4>           |C<6>           |   11.628|
A<4>           |C<7>           |   11.567|
A<4>           |C<8>           |   11.565|
A<4>           |C<9>           |   11.631|
A<4>           |C<10>          |   11.455|
A<4>           |C<11>          |   11.516|
A<4>           |C<12>          |   10.813|
A<4>           |C<13>          |   10.876|
A<4>           |C<14>          |   10.824|
A<4>           |C<15>          |   11.043|
A<4>           |C<16>          |   10.623|
A<4>           |C<17>          |   10.783|
A<4>           |C<18>          |   10.752|
A<4>           |C<19>          |   11.004|
A<4>           |C<20>          |   10.898|
A<4>           |C<21>          |   10.862|
A<4>           |C<22>          |   10.627|
A<4>           |C<23>          |   10.825|
A<4>           |C<24>          |   10.781|
A<4>           |C<25>          |   10.737|
A<4>           |C<26>          |   11.490|
A<4>           |C<27>          |   11.478|
A<4>           |C<28>          |   11.384|
A<4>           |C<29>          |   11.474|
A<4>           |C<30>          |   11.785|
A<4>           |C<31>          |   11.649|
A<5>           |C<5>           |   11.569|
A<5>           |C<6>           |   11.516|
A<5>           |C<7>           |   11.471|
A<5>           |C<8>           |   11.465|
A<5>           |C<9>           |   11.531|
A<5>           |C<10>          |   11.355|
A<5>           |C<11>          |   11.416|
A<5>           |C<12>          |   10.713|
A<5>           |C<13>          |   10.776|
A<5>           |C<14>          |   10.724|
A<5>           |C<15>          |   10.943|
A<5>           |C<16>          |   10.523|
A<5>           |C<17>          |   10.683|
A<5>           |C<18>          |   10.652|
A<5>           |C<19>          |   10.904|
A<5>           |C<20>          |   10.798|
A<5>           |C<21>          |   10.762|
A<5>           |C<22>          |   10.527|
A<5>           |C<23>          |   10.725|
A<5>           |C<24>          |   10.681|
A<5>           |C<25>          |   10.637|
A<5>           |C<26>          |   11.390|
A<5>           |C<27>          |   11.378|
A<5>           |C<28>          |   11.284|
A<5>           |C<29>          |   11.374|
A<5>           |C<30>          |   11.685|
A<5>           |C<31>          |   11.549|
A<6>           |C<6>           |   11.230|
A<6>           |C<7>           |   11.162|
A<6>           |C<8>           |   11.189|
A<6>           |C<9>           |   11.255|
A<6>           |C<10>          |   11.079|
A<6>           |C<11>          |   11.140|
A<6>           |C<12>          |   10.437|
A<6>           |C<13>          |   10.500|
A<6>           |C<14>          |   10.448|
A<6>           |C<15>          |   10.667|
A<6>           |C<16>          |   10.247|
A<6>           |C<17>          |   10.407|
A<6>           |C<18>          |   10.376|
A<6>           |C<19>          |   10.628|
A<6>           |C<20>          |   10.522|
A<6>           |C<21>          |   10.486|
A<6>           |C<22>          |   10.251|
A<6>           |C<23>          |   10.449|
A<6>           |C<24>          |   10.405|
A<6>           |C<25>          |   10.361|
A<6>           |C<26>          |   11.114|
A<6>           |C<27>          |   11.102|
A<6>           |C<28>          |   11.008|
A<6>           |C<29>          |   11.098|
A<6>           |C<30>          |   11.409|
A<6>           |C<31>          |   11.273|
A<7>           |C<7>           |   11.033|
A<7>           |C<8>           |   11.086|
A<7>           |C<9>           |   11.152|
A<7>           |C<10>          |   10.976|
A<7>           |C<11>          |   11.037|
A<7>           |C<12>          |   10.334|
A<7>           |C<13>          |   10.397|
A<7>           |C<14>          |   10.345|
A<7>           |C<15>          |   10.564|
A<7>           |C<16>          |   10.144|
A<7>           |C<17>          |   10.304|
A<7>           |C<18>          |   10.273|
A<7>           |C<19>          |   10.525|
A<7>           |C<20>          |   10.419|
A<7>           |C<21>          |   10.383|
A<7>           |C<22>          |   10.148|
A<7>           |C<23>          |   10.346|
A<7>           |C<24>          |   10.302|
A<7>           |C<25>          |   10.258|
A<7>           |C<26>          |   11.011|
A<7>           |C<27>          |   10.999|
A<7>           |C<28>          |   10.905|
A<7>           |C<29>          |   10.995|
A<7>           |C<30>          |   11.306|
A<7>           |C<31>          |   11.170|
A<8>           |C<8>           |   10.852|
A<8>           |C<9>           |   10.897|
A<8>           |C<10>          |   10.850|
A<8>           |C<11>          |   10.899|
A<8>           |C<12>          |   10.235|
A<8>           |C<13>          |   10.298|
A<8>           |C<14>          |   10.246|
A<8>           |C<15>          |   10.465|
A<8>           |C<16>          |   10.045|
A<8>           |C<17>          |   10.205|
A<8>           |C<18>          |   10.174|
A<8>           |C<19>          |   10.426|
A<8>           |C<20>          |   10.320|
A<8>           |C<21>          |   10.284|
A<8>           |C<22>          |   10.049|
A<8>           |C<23>          |   10.247|
A<8>           |C<24>          |   10.203|
A<8>           |C<25>          |   10.159|
A<8>           |C<26>          |   10.912|
A<8>           |C<27>          |   10.900|
A<8>           |C<28>          |   10.806|
A<8>           |C<29>          |   10.896|
A<8>           |C<30>          |   11.207|
A<8>           |C<31>          |   11.071|
A<9>           |C<9>           |   11.081|
A<9>           |C<10>          |   11.086|
A<9>           |C<11>          |   11.151|
A<9>           |C<12>          |   10.483|
A<9>           |C<13>          |   10.546|
A<9>           |C<14>          |   10.494|
A<9>           |C<15>          |   10.713|
A<9>           |C<16>          |   10.293|
A<9>           |C<17>          |   10.453|
A<9>           |C<18>          |   10.422|
A<9>           |C<19>          |   10.674|
A<9>           |C<20>          |   10.568|
A<9>           |C<21>          |   10.532|
A<9>           |C<22>          |   10.297|
A<9>           |C<23>          |   10.495|
A<9>           |C<24>          |   10.451|
A<9>           |C<25>          |   10.407|
A<9>           |C<26>          |   11.160|
A<9>           |C<27>          |   11.148|
A<9>           |C<28>          |   11.054|
A<9>           |C<29>          |   11.144|
A<9>           |C<30>          |   11.455|
A<9>           |C<31>          |   11.319|
A<10>          |C<10>          |   10.321|
A<10>          |C<11>          |   10.508|
A<10>          |C<12>          |    9.836|
A<10>          |C<13>          |    9.899|
A<10>          |C<14>          |    9.847|
A<10>          |C<15>          |   10.066|
A<10>          |C<16>          |    9.646|
A<10>          |C<17>          |    9.806|
A<10>          |C<18>          |    9.775|
A<10>          |C<19>          |   10.027|
A<10>          |C<20>          |    9.921|
A<10>          |C<21>          |    9.885|
A<10>          |C<22>          |    9.650|
A<10>          |C<23>          |    9.848|
A<10>          |C<24>          |    9.804|
A<10>          |C<25>          |    9.760|
A<10>          |C<26>          |   10.513|
A<10>          |C<27>          |   10.501|
A<10>          |C<28>          |   10.407|
A<10>          |C<29>          |   10.497|
A<10>          |C<30>          |   10.808|
A<10>          |C<31>          |   10.672|
A<11>          |C<11>          |   11.124|
A<11>          |C<12>          |   10.515|
A<11>          |C<13>          |   10.578|
A<11>          |C<14>          |   10.526|
A<11>          |C<15>          |   10.745|
A<11>          |C<16>          |   10.325|
A<11>          |C<17>          |   10.485|
A<11>          |C<18>          |   10.454|
A<11>          |C<19>          |   10.706|
A<11>          |C<20>          |   10.600|
A<11>          |C<21>          |   10.564|
A<11>          |C<22>          |   10.329|
A<11>          |C<23>          |   10.527|
A<11>          |C<24>          |   10.483|
A<11>          |C<25>          |   10.439|
A<11>          |C<26>          |   11.192|
A<11>          |C<27>          |   11.180|
A<11>          |C<28>          |   11.086|
A<11>          |C<29>          |   11.176|
A<11>          |C<30>          |   11.487|
A<11>          |C<31>          |   11.351|
A<12>          |C<12>          |    9.842|
A<12>          |C<13>          |    9.884|
A<12>          |C<14>          |    9.961|
A<12>          |C<15>          |   10.168|
A<12>          |C<16>          |    9.787|
A<12>          |C<17>          |    9.947|
A<12>          |C<18>          |    9.916|
A<12>          |C<19>          |   10.168|
A<12>          |C<20>          |   10.062|
A<12>          |C<21>          |   10.026|
A<12>          |C<22>          |    9.791|
A<12>          |C<23>          |    9.989|
A<12>          |C<24>          |    9.945|
A<12>          |C<25>          |    9.901|
A<12>          |C<26>          |   10.654|
A<12>          |C<27>          |   10.642|
A<12>          |C<28>          |   10.548|
A<12>          |C<29>          |   10.638|
A<12>          |C<30>          |   10.949|
A<12>          |C<31>          |   10.813|
A<13>          |C<13>          |    9.722|
A<13>          |C<14>          |    9.851|
A<13>          |C<15>          |   10.074|
A<13>          |C<16>          |    9.689|
A<13>          |C<17>          |    9.849|
A<13>          |C<18>          |    9.818|
A<13>          |C<19>          |   10.070|
A<13>          |C<20>          |    9.964|
A<13>          |C<21>          |    9.928|
A<13>          |C<22>          |    9.693|
A<13>          |C<23>          |    9.891|
A<13>          |C<24>          |    9.847|
A<13>          |C<25>          |    9.803|
A<13>          |C<26>          |   10.556|
A<13>          |C<27>          |   10.544|
A<13>          |C<28>          |   10.450|
A<13>          |C<29>          |   10.540|
A<13>          |C<30>          |   10.851|
A<13>          |C<31>          |   10.715|
A<14>          |C<14>          |   10.314|
A<14>          |C<15>          |   10.514|
A<14>          |C<16>          |   10.162|
A<14>          |C<17>          |   10.322|
A<14>          |C<18>          |   10.291|
A<14>          |C<19>          |   10.543|
A<14>          |C<20>          |   10.437|
A<14>          |C<21>          |   10.401|
A<14>          |C<22>          |   10.166|
A<14>          |C<23>          |   10.364|
A<14>          |C<24>          |   10.320|
A<14>          |C<25>          |   10.276|
A<14>          |C<26>          |   11.029|
A<14>          |C<27>          |   11.017|
A<14>          |C<28>          |   10.923|
A<14>          |C<29>          |   11.013|
A<14>          |C<30>          |   11.324|
A<14>          |C<31>          |   11.188|
A<15>          |C<15>          |    9.695|
A<15>          |C<16>          |    9.369|
A<15>          |C<17>          |    9.529|
A<15>          |C<18>          |    9.498|
A<15>          |C<19>          |    9.750|
A<15>          |C<20>          |    9.644|
A<15>          |C<21>          |    9.608|
A<15>          |C<22>          |    9.373|
A<15>          |C<23>          |    9.571|
A<15>          |C<24>          |    9.527|
A<15>          |C<25>          |    9.483|
A<15>          |C<26>          |   10.236|
A<15>          |C<27>          |   10.224|
A<15>          |C<28>          |   10.130|
A<15>          |C<29>          |   10.220|
A<15>          |C<30>          |   10.531|
A<15>          |C<31>          |   10.395|
A<16>          |C<16>          |    9.289|
A<16>          |C<17>          |    9.428|
A<16>          |C<18>          |    9.526|
A<16>          |C<19>          |    9.766|
A<16>          |C<20>          |    9.699|
A<16>          |C<21>          |    9.663|
A<16>          |C<22>          |    9.428|
A<16>          |C<23>          |    9.626|
A<16>          |C<24>          |    9.582|
A<16>          |C<25>          |    9.538|
A<16>          |C<26>          |   10.291|
A<16>          |C<27>          |   10.279|
A<16>          |C<28>          |   10.185|
A<16>          |C<29>          |   10.275|
A<16>          |C<30>          |   10.586|
A<16>          |C<31>          |   10.450|
A<17>          |C<17>          |    9.058|
A<17>          |C<18>          |    9.208|
A<17>          |C<19>          |    9.464|
A<17>          |C<20>          |    9.393|
A<17>          |C<21>          |    9.357|
A<17>          |C<22>          |    9.122|
A<17>          |C<23>          |    9.320|
A<17>          |C<24>          |    9.276|
A<17>          |C<25>          |    9.232|
A<17>          |C<26>          |    9.985|
A<17>          |C<27>          |    9.973|
A<17>          |C<28>          |    9.879|
A<17>          |C<29>          |    9.969|
A<17>          |C<30>          |   10.280|
A<17>          |C<31>          |   10.144|
A<18>          |C<18>          |    9.065|
A<18>          |C<19>          |    9.298|
A<18>          |C<20>          |    9.260|
A<18>          |C<21>          |    9.224|
A<18>          |C<22>          |    8.989|
A<18>          |C<23>          |    9.187|
A<18>          |C<24>          |    9.143|
A<18>          |C<25>          |    9.099|
A<18>          |C<26>          |    9.852|
A<18>          |C<27>          |    9.840|
A<18>          |C<28>          |    9.746|
A<18>          |C<29>          |    9.836|
A<18>          |C<30>          |   10.147|
A<18>          |C<31>          |   10.011|
A<19>          |C<19>          |    9.588|
A<19>          |C<20>          |    9.576|
A<19>          |C<21>          |    9.540|
A<19>          |C<22>          |    9.305|
A<19>          |C<23>          |    9.503|
A<19>          |C<24>          |    9.459|
A<19>          |C<25>          |    9.415|
A<19>          |C<26>          |   10.168|
A<19>          |C<27>          |   10.156|
A<19>          |C<28>          |   10.062|
A<19>          |C<29>          |   10.152|
A<19>          |C<30>          |   10.463|
A<19>          |C<31>          |   10.327|
A<20>          |C<20>          |    9.439|
A<20>          |C<21>          |    9.382|
A<20>          |C<22>          |    9.276|
A<20>          |C<23>          |    9.462|
A<20>          |C<24>          |    9.457|
A<20>          |C<25>          |    9.413|
A<20>          |C<26>          |   10.166|
A<20>          |C<27>          |   10.154|
A<20>          |C<28>          |   10.060|
A<20>          |C<29>          |   10.150|
A<20>          |C<30>          |   10.461|
A<20>          |C<31>          |   10.325|
A<21>          |C<21>          |    8.941|
A<21>          |C<22>          |    8.887|
A<21>          |C<23>          |    9.089|
A<21>          |C<24>          |    9.080|
A<21>          |C<25>          |    9.036|
A<21>          |C<26>          |    9.789|
A<21>          |C<27>          |    9.777|
A<21>          |C<28>          |    9.683|
A<21>          |C<29>          |    9.773|
A<21>          |C<30>          |   10.084|
A<21>          |C<31>          |    9.948|
A<22>          |C<22>          |    8.924|
A<22>          |C<23>          |    9.103|
A<22>          |C<24>          |    9.127|
A<22>          |C<25>          |    9.083|
A<22>          |C<26>          |    9.836|
A<22>          |C<27>          |    9.824|
A<22>          |C<28>          |    9.730|
A<22>          |C<29>          |    9.820|
A<22>          |C<30>          |   10.131|
A<22>          |C<31>          |    9.995|
A<23>          |C<23>          |    9.850|
A<23>          |C<24>          |    9.900|
A<23>          |C<25>          |    9.856|
A<23>          |C<26>          |   10.609|
A<23>          |C<27>          |   10.597|
A<23>          |C<28>          |   10.503|
A<23>          |C<29>          |   10.593|
A<23>          |C<30>          |   10.904|
A<23>          |C<31>          |   10.768|
A<24>          |C<24>          |    8.714|
A<24>          |C<25>          |    8.649|
A<24>          |C<26>          |    9.531|
A<24>          |C<27>          |    9.507|
A<24>          |C<28>          |    9.452|
A<24>          |C<29>          |    9.542|
A<24>          |C<30>          |    9.853|
A<24>          |C<31>          |    9.717|
A<25>          |C<25>          |    8.542|
A<25>          |C<26>          |    9.476|
A<25>          |C<27>          |    9.468|
A<25>          |C<28>          |    9.409|
A<25>          |C<29>          |    9.499|
A<25>          |C<30>          |    9.810|
A<25>          |C<31>          |    9.674|
A<26>          |C<26>          |    9.579|
A<26>          |C<27>          |    9.548|
A<26>          |C<28>          |    9.522|
A<26>          |C<29>          |    9.612|
A<26>          |C<30>          |    9.923|
A<26>          |C<31>          |    9.787|
A<27>          |C<27>          |    9.812|
A<27>          |C<28>          |    9.812|
A<27>          |C<29>          |    9.902|
A<27>          |C<30>          |   10.213|
A<27>          |C<31>          |   10.077|
A<28>          |C<28>          |    9.175|
A<28>          |C<29>          |    9.244|
A<28>          |C<30>          |    9.684|
A<28>          |C<31>          |    9.536|
A<29>          |C<29>          |    9.220|
A<29>          |C<30>          |    9.712|
A<29>          |C<31>          |    9.580|
A<30>          |C<30>          |    9.985|
A<30>          |C<31>          |    9.830|
A<31>          |C<31>          |    9.594|
B<0>           |C<0>           |   11.574|
B<0>           |C<1>           |   11.620|
B<0>           |C<2>           |   11.412|
B<0>           |C<3>           |   11.425|
B<0>           |C<4>           |   11.669|
B<0>           |C<5>           |   11.676|
B<0>           |C<6>           |   11.442|
B<0>           |C<7>           |   11.393|
B<0>           |C<8>           |   11.352|
B<0>           |C<9>           |   11.418|
B<0>           |C<10>          |   11.242|
B<0>           |C<11>          |   11.303|
B<0>           |C<12>          |   10.600|
B<0>           |C<13>          |   10.663|
B<0>           |C<14>          |   10.611|
B<0>           |C<15>          |   10.830|
B<0>           |C<16>          |   10.410|
B<0>           |C<17>          |   10.570|
B<0>           |C<18>          |   10.539|
B<0>           |C<19>          |   10.791|
B<0>           |C<20>          |   10.685|
B<0>           |C<21>          |   10.649|
B<0>           |C<22>          |   10.414|
B<0>           |C<23>          |   10.612|
B<0>           |C<24>          |   10.568|
B<0>           |C<25>          |   10.524|
B<0>           |C<26>          |   11.277|
B<0>           |C<27>          |   11.265|
B<0>           |C<28>          |   11.171|
B<0>           |C<29>          |   11.261|
B<0>           |C<30>          |   11.572|
B<0>           |C<31>          |   11.436|
B<1>           |C<1>           |   11.327|
B<1>           |C<2>           |   11.171|
B<1>           |C<3>           |   11.200|
B<1>           |C<4>           |   11.440|
B<1>           |C<5>           |   11.447|
B<1>           |C<6>           |   11.213|
B<1>           |C<7>           |   11.164|
B<1>           |C<8>           |   11.123|
B<1>           |C<9>           |   11.189|
B<1>           |C<10>          |   11.013|
B<1>           |C<11>          |   11.074|
B<1>           |C<12>          |   10.371|
B<1>           |C<13>          |   10.434|
B<1>           |C<14>          |   10.382|
B<1>           |C<15>          |   10.601|
B<1>           |C<16>          |   10.181|
B<1>           |C<17>          |   10.341|
B<1>           |C<18>          |   10.310|
B<1>           |C<19>          |   10.562|
B<1>           |C<20>          |   10.456|
B<1>           |C<21>          |   10.420|
B<1>           |C<22>          |   10.185|
B<1>           |C<23>          |   10.383|
B<1>           |C<24>          |   10.339|
B<1>           |C<25>          |   10.295|
B<1>           |C<26>          |   11.048|
B<1>           |C<27>          |   11.036|
B<1>           |C<28>          |   10.942|
B<1>           |C<29>          |   11.032|
B<1>           |C<30>          |   11.343|
B<1>           |C<31>          |   11.207|
B<2>           |C<2>           |   10.793|
B<2>           |C<3>           |   10.799|
B<2>           |C<4>           |   11.072|
B<2>           |C<5>           |   11.079|
B<2>           |C<6>           |   10.845|
B<2>           |C<7>           |   10.796|
B<2>           |C<8>           |   10.755|
B<2>           |C<9>           |   10.821|
B<2>           |C<10>          |   10.645|
B<2>           |C<11>          |   10.706|
B<2>           |C<12>          |   10.003|
B<2>           |C<13>          |   10.066|
B<2>           |C<14>          |   10.014|
B<2>           |C<15>          |   10.233|
B<2>           |C<16>          |    9.813|
B<2>           |C<17>          |    9.973|
B<2>           |C<18>          |    9.942|
B<2>           |C<19>          |   10.194|
B<2>           |C<20>          |   10.088|
B<2>           |C<21>          |   10.052|
B<2>           |C<22>          |    9.817|
B<2>           |C<23>          |   10.015|
B<2>           |C<24>          |    9.971|
B<2>           |C<25>          |    9.927|
B<2>           |C<26>          |   10.680|
B<2>           |C<27>          |   10.668|
B<2>           |C<28>          |   10.574|
B<2>           |C<29>          |   10.664|
B<2>           |C<30>          |   10.975|
B<2>           |C<31>          |   10.839|
B<3>           |C<3>           |   11.057|
B<3>           |C<4>           |   11.356|
B<3>           |C<5>           |   11.363|
B<3>           |C<6>           |   11.129|
B<3>           |C<7>           |   11.080|
B<3>           |C<8>           |   11.039|
B<3>           |C<9>           |   11.105|
B<3>           |C<10>          |   10.929|
B<3>           |C<11>          |   10.990|
B<3>           |C<12>          |   10.287|
B<3>           |C<13>          |   10.350|
B<3>           |C<14>          |   10.298|
B<3>           |C<15>          |   10.517|
B<3>           |C<16>          |   10.097|
B<3>           |C<17>          |   10.257|
B<3>           |C<18>          |   10.226|
B<3>           |C<19>          |   10.478|
B<3>           |C<20>          |   10.372|
B<3>           |C<21>          |   10.336|
B<3>           |C<22>          |   10.101|
B<3>           |C<23>          |   10.299|
B<3>           |C<24>          |   10.255|
B<3>           |C<25>          |   10.211|
B<3>           |C<26>          |   10.964|
B<3>           |C<27>          |   10.952|
B<3>           |C<28>          |   10.858|
B<3>           |C<29>          |   10.948|
B<3>           |C<30>          |   11.259|
B<3>           |C<31>          |   11.123|
B<4>           |C<4>           |   11.620|
B<4>           |C<5>           |   11.606|
B<4>           |C<6>           |   11.501|
B<4>           |C<7>           |   11.440|
B<4>           |C<8>           |   11.438|
B<4>           |C<9>           |   11.504|
B<4>           |C<10>          |   11.328|
B<4>           |C<11>          |   11.389|
B<4>           |C<12>          |   10.686|
B<4>           |C<13>          |   10.749|
B<4>           |C<14>          |   10.697|
B<4>           |C<15>          |   10.916|
B<4>           |C<16>          |   10.496|
B<4>           |C<17>          |   10.656|
B<4>           |C<18>          |   10.625|
B<4>           |C<19>          |   10.877|
B<4>           |C<20>          |   10.771|
B<4>           |C<21>          |   10.735|
B<4>           |C<22>          |   10.500|
B<4>           |C<23>          |   10.698|
B<4>           |C<24>          |   10.654|
B<4>           |C<25>          |   10.610|
B<4>           |C<26>          |   11.363|
B<4>           |C<27>          |   11.351|
B<4>           |C<28>          |   11.257|
B<4>           |C<29>          |   11.347|
B<4>           |C<30>          |   11.658|
B<4>           |C<31>          |   11.522|
B<5>           |C<5>           |   11.187|
B<5>           |C<6>           |   11.134|
B<5>           |C<7>           |   11.089|
B<5>           |C<8>           |   11.083|
B<5>           |C<9>           |   11.149|
B<5>           |C<10>          |   10.973|
B<5>           |C<11>          |   11.034|
B<5>           |C<12>          |   10.331|
B<5>           |C<13>          |   10.394|
B<5>           |C<14>          |   10.342|
B<5>           |C<15>          |   10.561|
B<5>           |C<16>          |   10.141|
B<5>           |C<17>          |   10.301|
B<5>           |C<18>          |   10.270|
B<5>           |C<19>          |   10.522|
B<5>           |C<20>          |   10.416|
B<5>           |C<21>          |   10.380|
B<5>           |C<22>          |   10.145|
B<5>           |C<23>          |   10.343|
B<5>           |C<24>          |   10.299|
B<5>           |C<25>          |   10.255|
B<5>           |C<26>          |   11.008|
B<5>           |C<27>          |   10.996|
B<5>           |C<28>          |   10.902|
B<5>           |C<29>          |   10.992|
B<5>           |C<30>          |   11.303|
B<5>           |C<31>          |   11.167|
B<6>           |C<6>           |   10.874|
B<6>           |C<7>           |   10.806|
B<6>           |C<8>           |   10.833|
B<6>           |C<9>           |   10.899|
B<6>           |C<10>          |   10.723|
B<6>           |C<11>          |   10.784|
B<6>           |C<12>          |   10.081|
B<6>           |C<13>          |   10.144|
B<6>           |C<14>          |   10.092|
B<6>           |C<15>          |   10.311|
B<6>           |C<16>          |    9.891|
B<6>           |C<17>          |   10.051|
B<6>           |C<18>          |   10.020|
B<6>           |C<19>          |   10.272|
B<6>           |C<20>          |   10.166|
B<6>           |C<21>          |   10.130|
B<6>           |C<22>          |    9.895|
B<6>           |C<23>          |   10.093|
B<6>           |C<24>          |   10.049|
B<6>           |C<25>          |   10.005|
B<6>           |C<26>          |   10.758|
B<6>           |C<27>          |   10.746|
B<6>           |C<28>          |   10.652|
B<6>           |C<29>          |   10.742|
B<6>           |C<30>          |   11.053|
B<6>           |C<31>          |   10.917|
B<7>           |C<7>           |   11.059|
B<7>           |C<8>           |   11.112|
B<7>           |C<9>           |   11.178|
B<7>           |C<10>          |   11.002|
B<7>           |C<11>          |   11.063|
B<7>           |C<12>          |   10.360|
B<7>           |C<13>          |   10.423|
B<7>           |C<14>          |   10.371|
B<7>           |C<15>          |   10.590|
B<7>           |C<16>          |   10.170|
B<7>           |C<17>          |   10.330|
B<7>           |C<18>          |   10.299|
B<7>           |C<19>          |   10.551|
B<7>           |C<20>          |   10.445|
B<7>           |C<21>          |   10.409|
B<7>           |C<22>          |   10.174|
B<7>           |C<23>          |   10.372|
B<7>           |C<24>          |   10.328|
B<7>           |C<25>          |   10.284|
B<7>           |C<26>          |   11.037|
B<7>           |C<27>          |   11.025|
B<7>           |C<28>          |   10.931|
B<7>           |C<29>          |   11.021|
B<7>           |C<30>          |   11.332|
B<7>           |C<31>          |   11.196|
B<8>           |C<8>           |   11.120|
B<8>           |C<9>           |   11.165|
B<8>           |C<10>          |   11.118|
B<8>           |C<11>          |   11.167|
B<8>           |C<12>          |   10.503|
B<8>           |C<13>          |   10.566|
B<8>           |C<14>          |   10.514|
B<8>           |C<15>          |   10.733|
B<8>           |C<16>          |   10.313|
B<8>           |C<17>          |   10.473|
B<8>           |C<18>          |   10.442|
B<8>           |C<19>          |   10.694|
B<8>           |C<20>          |   10.588|
B<8>           |C<21>          |   10.552|
B<8>           |C<22>          |   10.317|
B<8>           |C<23>          |   10.515|
B<8>           |C<24>          |   10.471|
B<8>           |C<25>          |   10.427|
B<8>           |C<26>          |   11.180|
B<8>           |C<27>          |   11.168|
B<8>           |C<28>          |   11.074|
B<8>           |C<29>          |   11.164|
B<8>           |C<30>          |   11.475|
B<8>           |C<31>          |   11.339|
B<9>           |C<9>           |   10.997|
B<9>           |C<10>          |   11.002|
B<9>           |C<11>          |   11.067|
B<9>           |C<12>          |   10.399|
B<9>           |C<13>          |   10.462|
B<9>           |C<14>          |   10.410|
B<9>           |C<15>          |   10.629|
B<9>           |C<16>          |   10.209|
B<9>           |C<17>          |   10.369|
B<9>           |C<18>          |   10.338|
B<9>           |C<19>          |   10.590|
B<9>           |C<20>          |   10.484|
B<9>           |C<21>          |   10.448|
B<9>           |C<22>          |   10.213|
B<9>           |C<23>          |   10.411|
B<9>           |C<24>          |   10.367|
B<9>           |C<25>          |   10.323|
B<9>           |C<26>          |   11.076|
B<9>           |C<27>          |   11.064|
B<9>           |C<28>          |   10.970|
B<9>           |C<29>          |   11.060|
B<9>           |C<30>          |   11.371|
B<9>           |C<31>          |   11.235|
B<10>          |C<10>          |   10.909|
B<10>          |C<11>          |   10.951|
B<10>          |C<12>          |   10.316|
B<10>          |C<13>          |   10.379|
B<10>          |C<14>          |   10.327|
B<10>          |C<15>          |   10.546|
B<10>          |C<16>          |   10.126|
B<10>          |C<17>          |   10.286|
B<10>          |C<18>          |   10.255|
B<10>          |C<19>          |   10.507|
B<10>          |C<20>          |   10.401|
B<10>          |C<21>          |   10.365|
B<10>          |C<22>          |   10.130|
B<10>          |C<23>          |   10.328|
B<10>          |C<24>          |   10.284|
B<10>          |C<25>          |   10.240|
B<10>          |C<26>          |   10.993|
B<10>          |C<27>          |   10.981|
B<10>          |C<28>          |   10.887|
B<10>          |C<29>          |   10.977|
B<10>          |C<30>          |   11.288|
B<10>          |C<31>          |   11.152|
B<11>          |C<11>          |   11.036|
B<11>          |C<12>          |   10.427|
B<11>          |C<13>          |   10.490|
B<11>          |C<14>          |   10.438|
B<11>          |C<15>          |   10.657|
B<11>          |C<16>          |   10.237|
B<11>          |C<17>          |   10.397|
B<11>          |C<18>          |   10.366|
B<11>          |C<19>          |   10.618|
B<11>          |C<20>          |   10.512|
B<11>          |C<21>          |   10.476|
B<11>          |C<22>          |   10.241|
B<11>          |C<23>          |   10.439|
B<11>          |C<24>          |   10.395|
B<11>          |C<25>          |   10.351|
B<11>          |C<26>          |   11.104|
B<11>          |C<27>          |   11.092|
B<11>          |C<28>          |   10.998|
B<11>          |C<29>          |   11.088|
B<11>          |C<30>          |   11.399|
B<11>          |C<31>          |   11.263|
B<12>          |C<12>          |   10.497|
B<12>          |C<13>          |   10.539|
B<12>          |C<14>          |   10.616|
B<12>          |C<15>          |   10.823|
B<12>          |C<16>          |   10.442|
B<12>          |C<17>          |   10.602|
B<12>          |C<18>          |   10.571|
B<12>          |C<19>          |   10.823|
B<12>          |C<20>          |   10.717|
B<12>          |C<21>          |   10.681|
B<12>          |C<22>          |   10.446|
B<12>          |C<23>          |   10.644|
B<12>          |C<24>          |   10.600|
B<12>          |C<25>          |   10.556|
B<12>          |C<26>          |   11.309|
B<12>          |C<27>          |   11.297|
B<12>          |C<28>          |   11.203|
B<12>          |C<29>          |   11.293|
B<12>          |C<30>          |   11.604|
B<12>          |C<31>          |   11.468|
B<13>          |C<13>          |    9.594|
B<13>          |C<14>          |    9.723|
B<13>          |C<15>          |    9.946|
B<13>          |C<16>          |    9.561|
B<13>          |C<17>          |    9.721|
B<13>          |C<18>          |    9.690|
B<13>          |C<19>          |    9.942|
B<13>          |C<20>          |    9.836|
B<13>          |C<21>          |    9.800|
B<13>          |C<22>          |    9.565|
B<13>          |C<23>          |    9.763|
B<13>          |C<24>          |    9.719|
B<13>          |C<25>          |    9.675|
B<13>          |C<26>          |   10.428|
B<13>          |C<27>          |   10.416|
B<13>          |C<28>          |   10.322|
B<13>          |C<29>          |   10.412|
B<13>          |C<30>          |   10.723|
B<13>          |C<31>          |   10.587|
B<14>          |C<14>          |   10.653|
B<14>          |C<15>          |   10.853|
B<14>          |C<16>          |   10.501|
B<14>          |C<17>          |   10.661|
B<14>          |C<18>          |   10.630|
B<14>          |C<19>          |   10.882|
B<14>          |C<20>          |   10.776|
B<14>          |C<21>          |   10.740|
B<14>          |C<22>          |   10.505|
B<14>          |C<23>          |   10.703|
B<14>          |C<24>          |   10.659|
B<14>          |C<25>          |   10.615|
B<14>          |C<26>          |   11.368|
B<14>          |C<27>          |   11.356|
B<14>          |C<28>          |   11.262|
B<14>          |C<29>          |   11.352|
B<14>          |C<30>          |   11.663|
B<14>          |C<31>          |   11.527|
B<15>          |C<15>          |    9.758|
B<15>          |C<16>          |    9.432|
B<15>          |C<17>          |    9.592|
B<15>          |C<18>          |    9.561|
B<15>          |C<19>          |    9.813|
B<15>          |C<20>          |    9.707|
B<15>          |C<21>          |    9.671|
B<15>          |C<22>          |    9.436|
B<15>          |C<23>          |    9.634|
B<15>          |C<24>          |    9.590|
B<15>          |C<25>          |    9.546|
B<15>          |C<26>          |   10.299|
B<15>          |C<27>          |   10.287|
B<15>          |C<28>          |   10.193|
B<15>          |C<29>          |   10.283|
B<15>          |C<30>          |   10.594|
B<15>          |C<31>          |   10.458|
B<16>          |C<16>          |    9.655|
B<16>          |C<17>          |    9.794|
B<16>          |C<18>          |    9.892|
B<16>          |C<19>          |   10.132|
B<16>          |C<20>          |   10.065|
B<16>          |C<21>          |   10.029|
B<16>          |C<22>          |    9.794|
B<16>          |C<23>          |    9.992|
B<16>          |C<24>          |    9.948|
B<16>          |C<25>          |    9.904|
B<16>          |C<26>          |   10.657|
B<16>          |C<27>          |   10.645|
B<16>          |C<28>          |   10.551|
B<16>          |C<29>          |   10.641|
B<16>          |C<30>          |   10.952|
B<16>          |C<31>          |   10.816|
B<17>          |C<17>          |   10.180|
B<17>          |C<18>          |   10.330|
B<17>          |C<19>          |   10.586|
B<17>          |C<20>          |   10.515|
B<17>          |C<21>          |   10.479|
B<17>          |C<22>          |   10.244|
B<17>          |C<23>          |   10.442|
B<17>          |C<24>          |   10.398|
B<17>          |C<25>          |   10.354|
B<17>          |C<26>          |   11.107|
B<17>          |C<27>          |   11.095|
B<17>          |C<28>          |   11.001|
B<17>          |C<29>          |   11.091|
B<17>          |C<30>          |   11.402|
B<17>          |C<31>          |   11.266|
B<18>          |C<18>          |    9.715|
B<18>          |C<19>          |    9.948|
B<18>          |C<20>          |    9.910|
B<18>          |C<21>          |    9.874|
B<18>          |C<22>          |    9.639|
B<18>          |C<23>          |    9.837|
B<18>          |C<24>          |    9.793|
B<18>          |C<25>          |    9.749|
B<18>          |C<26>          |   10.502|
B<18>          |C<27>          |   10.490|
B<18>          |C<28>          |   10.396|
B<18>          |C<29>          |   10.486|
B<18>          |C<30>          |   10.797|
B<18>          |C<31>          |   10.661|
B<19>          |C<19>          |    9.813|
B<19>          |C<20>          |    9.801|
B<19>          |C<21>          |    9.765|
B<19>          |C<22>          |    9.530|
B<19>          |C<23>          |    9.728|
B<19>          |C<24>          |    9.684|
B<19>          |C<25>          |    9.640|
B<19>          |C<26>          |   10.393|
B<19>          |C<27>          |   10.381|
B<19>          |C<28>          |   10.287|
B<19>          |C<29>          |   10.377|
B<19>          |C<30>          |   10.688|
B<19>          |C<31>          |   10.552|
B<20>          |C<20>          |    9.900|
B<20>          |C<21>          |    9.843|
B<20>          |C<22>          |    9.737|
B<20>          |C<23>          |    9.923|
B<20>          |C<24>          |    9.918|
B<20>          |C<25>          |    9.874|
B<20>          |C<26>          |   10.627|
B<20>          |C<27>          |   10.615|
B<20>          |C<28>          |   10.521|
B<20>          |C<29>          |   10.611|
B<20>          |C<30>          |   10.922|
B<20>          |C<31>          |   10.786|
B<21>          |C<21>          |   10.051|
B<21>          |C<22>          |    9.997|
B<21>          |C<23>          |   10.199|
B<21>          |C<24>          |   10.190|
B<21>          |C<25>          |   10.146|
B<21>          |C<26>          |   10.899|
B<21>          |C<27>          |   10.887|
B<21>          |C<28>          |   10.793|
B<21>          |C<29>          |   10.883|
B<21>          |C<30>          |   11.194|
B<21>          |C<31>          |   11.058|
B<22>          |C<22>          |    9.842|
B<22>          |C<23>          |   10.021|
B<22>          |C<24>          |   10.045|
B<22>          |C<25>          |   10.001|
B<22>          |C<26>          |   10.754|
B<22>          |C<27>          |   10.742|
B<22>          |C<28>          |   10.648|
B<22>          |C<29>          |   10.738|
B<22>          |C<30>          |   11.049|
B<22>          |C<31>          |   10.913|
B<23>          |C<23>          |    9.983|
B<23>          |C<24>          |   10.033|
B<23>          |C<25>          |    9.989|
B<23>          |C<26>          |   10.742|
B<23>          |C<27>          |   10.730|
B<23>          |C<28>          |   10.636|
B<23>          |C<29>          |   10.726|
B<23>          |C<30>          |   11.037|
B<23>          |C<31>          |   10.901|
B<24>          |C<24>          |    9.846|
B<24>          |C<25>          |    9.781|
B<24>          |C<26>          |   10.663|
B<24>          |C<27>          |   10.639|
B<24>          |C<28>          |   10.584|
B<24>          |C<29>          |   10.674|
B<24>          |C<30>          |   10.985|
B<24>          |C<31>          |   10.849|
B<25>          |C<25>          |    9.819|
B<25>          |C<26>          |   10.753|
B<25>          |C<27>          |   10.745|
B<25>          |C<28>          |   10.686|
B<25>          |C<29>          |   10.776|
B<25>          |C<30>          |   11.087|
B<25>          |C<31>          |   10.951|
B<26>          |C<26>          |   10.659|
B<26>          |C<27>          |   10.628|
B<26>          |C<28>          |   10.602|
B<26>          |C<29>          |   10.692|
B<26>          |C<30>          |   11.003|
B<26>          |C<31>          |   10.867|
B<27>          |C<27>          |   10.512|
B<27>          |C<28>          |   10.512|
B<27>          |C<29>          |   10.602|
B<27>          |C<30>          |   10.913|
B<27>          |C<31>          |   10.777|
B<28>          |C<28>          |   10.858|
B<28>          |C<29>          |   10.927|
B<28>          |C<30>          |   11.367|
B<28>          |C<31>          |   11.219|
B<29>          |C<29>          |   10.231|
B<29>          |C<30>          |   10.723|
B<29>          |C<31>          |   10.591|
B<30>          |C<30>          |   10.582|
B<30>          |C<31>          |   10.427|
B<31>          |C<31>          |   10.299|
---------------+---------------+---------+


Analysis completed Sun Aug 23 14:42:15 2020 
--------------------------------------------------------------------------------

Trace Settings:
-------------------------
Trace Settings 

Peak Memory Usage: 144 MB



