Release 14.7 - xst P.20131013 (lin64)
Copyright (c) 1995-2013 Xilinx, Inc.  All rights reserved.
--> 
Parameter TMPDIR set to xst/projnav.tmp


Total REAL time to Xst completion: 0.00 secs
Total CPU time to Xst completion: 0.07 secs
 
--> 
Parameter xsthdpdir set to xst


Total REAL time to Xst completion: 0.00 secs
Total CPU time to Xst completion: 0.07 secs
 
--> 
Reading design: Shitf_Left_2bits.prj

TABLE OF CONTENTS
  1) Synthesis Options Summary
  2) HDL Parsing
  3) HDL Elaboration
  4) HDL Synthesis
       4.1) HDL Synthesis Report
  5) Advanced HDL Synthesis
       5.1) Advanced HDL Synthesis Report
  6) Low Level Synthesis
  7) Partition Report
  8) Design Summary
       8.1) Primitive and Black Box Usage
       8.2) Device utilization summary
       8.3) Partition Resource Summary
       8.4) Timing Report
            8.4.1) Clock Information
            8.4.2) Asynchronous Control Signals Information
            8.4.3) Timing Summary
            8.4.4) Timing Details
            8.4.5) Cross Clock Domains Report


=========================================================================
*                      Synthesis Options Summary                        *
=========================================================================
---- Source Parameters
Input File Name                    : "Shitf_Left_2bits.prj"
Ignore Synthesis Constraint File   : NO

---- Target Parameters
Output File Name                   : "Shitf_Left_2bits"
Output Format                      : NGC
Target Device                      : xc6slx16-3-csg324

---- Source Options
Top Module Name                    : Shitf_Left_2bits
Automatic FSM Extraction           : YES
FSM Encoding Algorithm             : Auto
Safe Implementation                : No
FSM Style                          : LUT
RAM Extraction                     : Yes
RAM Style                          : Auto
ROM Extraction                     : Yes
Shift Register Extraction          : YES
ROM Style                          : Auto
Resource Sharing                   : YES
Asynchronous To Synchronous        : NO
Shift Register Minimum Size        : 2
Use DSP Block                      : Auto
Automatic Register Balancing       : No

---- Target Options
LUT Combining                      : Auto
Reduce Control Sets                : Auto
Add IO Buffers                     : YES
Global Maximum Fanout              : 100000
Add Generic Clock Buffer(BUFG)     : 16
Register Duplication               : YES
Optimize Instantiated Primitives   : NO
Use Clock Enable                   : Auto
Use Synchronous Set                : Auto
Use Synchronous Reset              : Auto
Pack IO Registers into IOBs        : Auto
Equivalent register Removal        : YES

---- General Options
Optimization Goal                  : Speed
Optimization Effort                : 1
Power Reduction                    : NO
Keep Hierarchy                     : No
Netlist Hierarchy                  : As_Optimized
RTL Output                         : Yes
Global Optimization                : AllClockNets
Read Cores                         : YES
Write Timing Constraints           : NO
Cross Clock Analysis               : NO
Hierarchy Separator                : /
Bus Delimiter                      : <>
Case Specifier                     : Maintain
Slice Utilization Ratio            : 100
BRAM Utilization Ratio             : 100
DSP48 Utilization Ratio            : 100
Auto BRAM Packing                  : NO
Slice Utilization Ratio Delta      : 5

=========================================================================


=========================================================================
*                          HDL Parsing                                  *
=========================================================================
Parsing VHDL file "/home/ise/Downloads/Lab Arqui/Practica1-Add/Adder.vhd" into library work
Parsing entity <Adder>.
Parsing architecture <Behavioral> of entity <adder>.
Parsing entity <Shift_Left_2bits>.
ERROR:HDLCompiler:69 - "/home/ise/Downloads/Lab Arqui/Practica1-Add/Adder.vhd" Line 43: <std_logic_vector> is not declared.
ERROR:HDLCompiler:69 - "/home/ise/Downloads/Lab Arqui/Practica1-Add/Adder.vhd" Line 44: <std_logic_vector> is not declared.
ERROR:HDLCompiler:854 - "/home/ise/Downloads/Lab Arqui/Practica1-Add/Adder.vhd" Line 41: Unit <shift_left_2bits> ignored due to previous errors.
ERROR:HDLCompiler:806 - "/home/ise/Downloads/Lab Arqui/Practica1-Add/Adder.vhd" Line 48: Syntax error near "begin".
Parsing entity <Shift_Left_2bits_32>.
ERROR:HDLCompiler:69 - "/home/ise/Downloads/Lab Arqui/Practica1-Add/Adder.vhd" Line 54: <std_logic_vector> is not declared.
ERROR:HDLCompiler:69 - "/home/ise/Downloads/Lab Arqui/Practica1-Add/Adder.vhd" Line 55: <std_logic_vector> is not declared.
ERROR:HDLCompiler:854 - "/home/ise/Downloads/Lab Arqui/Practica1-Add/Adder.vhd" Line 52: Unit <shift_left_2bits_32> ignored due to previous errors.
ERROR:HDLCompiler:806 - "/home/ise/Downloads/Lab Arqui/Practica1-Add/Adder.vhd" Line 59: Syntax error near "begin".
Parsing entity <Program_Counter>.
ERROR:HDLCompiler:69 - "/home/ise/Downloads/Lab Arqui/Practica1-Add/Adder.vhd" Line 65: <std_logic_vector> is not declared.
ERROR:HDLCompiler:69 - "/home/ise/Downloads/Lab Arqui/Practica1-Add/Adder.vhd" Line 66: <std_logic_vector> is not declared.
ERROR:HDLCompiler:69 - "/home/ise/Downloads/Lab Arqui/Practica1-Add/Adder.vhd" Line 67: <std_logic> is not declared.
ERROR:HDLCompiler:69 - "/home/ise/Downloads/Lab Arqui/Practica1-Add/Adder.vhd" Line 68: <std_logic> is not declared.
ERROR:HDLCompiler:854 - "/home/ise/Downloads/Lab Arqui/Practica1-Add/Adder.vhd" Line 63: Unit <program_counter> ignored due to previous errors.
ERROR:HDLCompiler:806 - "/home/ise/Downloads/Lab Arqui/Practica1-Add/Adder.vhd" Line 72: Syntax error near "begin".
Parsing entity <Sign_Extender>.
ERROR:HDLCompiler:69 - "/home/ise/Downloads/Lab Arqui/Practica1-Add/Adder.vhd" Line 84: <std_logic_vector> is not declared.
ERROR:HDLCompiler:69 - "/home/ise/Downloads/Lab Arqui/Practica1-Add/Adder.vhd" Line 85: <std_logic_vector> is not declared.
ERROR:HDLCompiler:854 - "/home/ise/Downloads/Lab Arqui/Practica1-Add/Adder.vhd" Line 82: Unit <sign_extender> ignored due to previous errors.
ERROR:HDLCompiler:806 - "/home/ise/Downloads/Lab Arqui/Practica1-Add/Adder.vhd" Line 89: Syntax error near "begin".
Parsing entity <Multiplexor_2a1_5bits>.
ERROR:HDLCompiler:69 - "/home/ise/Downloads/Lab Arqui/Practica1-Add/Adder.vhd" Line 101: <std_logic_vector> is not declared.
Sorry, too many errors..
--> 


Total memory usage is 311796 kilobytes

Number of errors   :   19 (   0 filtered)
Number of warnings :    0 (   0 filtered)
Number of infos    :    0 (   0 filtered)

