Running: C:\Xilinx\14.7\ISE_DS\ISE\bin\nt\unwrapped\fuse.exe -intstyle ise -incremental -lib secureip -o F:/Lab Arqui/Shift_Left_2bits_32/Test_Bench_Shift_Left_2bits_32_isim_beh.exe -prj F:/Lab Arqui/Shift_Left_2bits_32/Test_Bench_Shift_Left_2bits_32_beh.prj work.Test_Bench_Shift_Left_2bits_32 
ISim P.20131013 (signature 0x8ef4fb42)
Number of CPUs detected in this system: 1
Turning on mult-threading, number of parallel sub-compilation jobs: 0 
Determining compilation order of HDL files
Parsing VHDL file "F:/Lab Arqui/Shift_Left_2bits_32/Shitf_Left_2bits_32.vhd" into library work
Parsing VHDL file "F:/Lab Arqui/Shift_Left_2bits_32/Test_Bench_Shift_Left_2bits_32.vhd" into library work
Starting static elaboration
Completed static elaboration
Fuse Memory Usage: 79312 KB
Fuse CPU Usage: 450 ms
Compiling package standard
Compiling package std_logic_1164
Compiling package numeric_std
Compiling package std_logic_arith
Compiling package std_logic_unsigned
Compiling architecture behavioral of entity Shitf_Left_2bits_32 [shitf_left_2bits_32_default]
Compiling architecture behavior of entity test_bench_shift_left_2bits_32
Time Resolution for simulation is 1ps.
Compiled 8 VHDL Units
Built simulation executable F:/Lab Arqui/Shift_Left_2bits_32/Test_Bench_Shift_Left_2bits_32_isim_beh.exe
Fuse Memory Usage: 97044 KB
Fuse CPU Usage: 730 ms
