Release 14.7 - xst P.20131013 (nt)
Copyright (c) 1995-2013 Xilinx, Inc.  All rights reserved.
--> Parameter TMPDIR set to xst/projnav.tmp


Total REAL time to Xst completion: 0.00 secs
Total CPU time to Xst completion: 0.29 secs
 
--> Parameter xsthdpdir set to xst


Total REAL time to Xst completion: 0.00 secs
Total CPU time to Xst completion: 0.30 secs
 
--> Reading design: RegisterFile.prj

TABLE OF CONTENTS
  1) Synthesis Options Summary
  2) HDL Parsing
  3) HDL Elaboration
  4) HDL Synthesis
       4.1) HDL Synthesis Report
  5) Advanced HDL Synthesis
       5.1) Advanced HDL Synthesis Report
  6) Low Level Synthesis
  7) Partition Report
  8) Design Summary
       8.1) Primitive and Black Box Usage
       8.2) Device utilization summary
       8.3) Partition Resource Summary
       8.4) Timing Report
            8.4.1) Clock Information
            8.4.2) Asynchronous Control Signals Information
            8.4.3) Timing Summary
            8.4.4) Timing Details
            8.4.5) Cross Clock Domains Report


=========================================================================
*                      Synthesis Options Summary                        *
=========================================================================
---- Source Parameters
Input File Name                    : "RegisterFile.prj"
Ignore Synthesis Constraint File   : NO

---- Target Parameters
Output File Name                   : "RegisterFile"
Output Format                      : NGC
Target Device                      : xc6slx16-3-csg324

---- Source Options
Top Module Name                    : RegisterFile
Automatic FSM Extraction           : YES
FSM Encoding Algorithm             : Auto
Safe Implementation                : No
FSM Style                          : LUT
RAM Extraction                     : Yes
RAM Style                          : Auto
ROM Extraction                     : Yes
Shift Register Extraction          : YES
ROM Style                          : Auto
Resource Sharing                   : YES
Asynchronous To Synchronous        : NO
Shift Register Minimum Size        : 2
Use DSP Block                      : Auto
Automatic Register Balancing       : No

---- Target Options
LUT Combining                      : Auto
Reduce Control Sets                : Auto
Add IO Buffers                     : YES
Global Maximum Fanout              : 100000
Add Generic Clock Buffer(BUFG)     : 16
Register Duplication               : YES
Optimize Instantiated Primitives   : NO
Use Clock Enable                   : Auto
Use Synchronous Set                : Auto
Use Synchronous Reset              : Auto
Pack IO Registers into IOBs        : Auto
Equivalent register Removal        : YES

---- General Options
Optimization Goal                  : Speed
Optimization Effort                : 1
Power Reduction                    : NO
Keep Hierarchy                     : No
Netlist Hierarchy                  : As_Optimized
RTL Output                         : Yes
Global Optimization                : AllClockNets
Read Cores                         : YES
Write Timing Constraints           : NO
Cross Clock Analysis               : NO
Hierarchy Separator                : /
Bus Delimiter                      : <>
Case Specifier                     : Maintain
Slice Utilization Ratio            : 100
BRAM Utilization Ratio             : 100
DSP48 Utilization Ratio            : 100
Auto BRAM Packing                  : NO
Slice Utilization Ratio Delta      : 5

=========================================================================


=========================================================================
*                          HDL Parsing                                  *
=========================================================================
Parsing VHDL file "\\vboxsrv\documents\LabArqui\Practica4\RegisterFile\FlipFlopD.vhd" into library work
Parsing entity <FlipFlopD>.
Parsing architecture <Behavioral> of entity <flipflopd>.
Parsing VHDL file "\\vboxsrv\documents\LabArqui\Practica4\RegisterFile\Registro32bits.vhd" into library work
Parsing entity <Registro32bits>.
Parsing architecture <Behavioral> of entity <registro32bits>.
Parsing VHDL file "\\vboxsrv\documents\LabArqui\Practica4\RegisterFile\mux32.vhd" into library work
Parsing entity <mux32>.
Parsing architecture <Behavioral> of entity <mux32>.
Parsing VHDL file "\\vboxsrv\documents\LabArqui\Practica4\RegisterFile\decoder.vhd" into library work
Parsing entity <decoder>.
Parsing architecture <Behavioral> of entity <decoder>.
Parsing VHDL file "\\vboxsrv\documents\LabArqui\Practica4\RegisterFile\BancoRegistros.vhd" into library work
Parsing entity <BancoRegistros>.
Parsing architecture <Behavioral> of entity <bancoregistros>.
Parsing VHDL file "\\vboxsrv\documents\LabArqui\Practica4\RegisterFile\RegisterFile.vhd" into library work
Parsing entity <RegisterFile>.
Parsing architecture <Behavioral> of entity <registerfile>.

=========================================================================
*                            HDL Elaboration                            *
=========================================================================

Elaborating entity <RegisterFile> (architecture <Behavioral>) from library <work>.

Elaborating entity <decoder> (architecture <Behavioral>) from library <work>.

Elaborating entity <BancoRegistros> (architecture <Behavioral>) from library <work>.

Elaborating entity <Registro32bits> (architecture <Behavioral>) from library <work>.

Elaborating entity <FlipFlopD> (architecture <Behavioral>) from library <work>.

Elaborating entity <mux32> (architecture <Behavioral>) from library <work>.

=========================================================================
*                           HDL Synthesis                               *
=========================================================================

Synthesizing Unit <RegisterFile>.
    Related source file is "\\vboxsrv\documents\LabArqui\Practica4\RegisterFile\RegisterFile.vhd".
    Summary:
	no macro.
Unit <RegisterFile> synthesized.

Synthesizing Unit <decoder>.
    Related source file is "\\vboxsrv\documents\LabArqui\Practica4\RegisterFile\decoder.vhd".
    Found 32x31-bit Read Only RAM for signal <SELECTOR[4]_PWR_4_o_wide_mux_0_OUT>
    Summary:
	inferred   1 RAM(s).
	inferred   1 Multiplexer(s).
Unit <decoder> synthesized.

Synthesizing Unit <BancoRegistros>.
    Related source file is "\\vboxsrv\documents\LabArqui\Practica4\RegisterFile\BancoRegistros.vhd".
    Summary:
	no macro.
Unit <BancoRegistros> synthesized.

Synthesizing Unit <Registro32bits>.
    Related source file is "\\vboxsrv\documents\LabArqui\Practica4\RegisterFile\Registro32bits.vhd".
    Summary:
	no macro.
Unit <Registro32bits> synthesized.

Synthesizing Unit <FlipFlopD>.
    Related source file is "\\vboxsrv\documents\LabArqui\Practica4\RegisterFile\FlipFlopD.vhd".
    Found 1-bit register for signal <Q>.
    Summary:
	inferred   1 D-type flip-flop(s).
Unit <FlipFlopD> synthesized.

Synthesizing Unit <mux32>.
    Related source file is "\\vboxsrv\documents\LabArqui\Practica4\RegisterFile\mux32.vhd".
    Found 32-bit 32-to-1 multiplexer for signal <ReadData> created at line 31.
    Summary:
	inferred   1 Multiplexer(s).
Unit <mux32> synthesized.

=========================================================================
HDL Synthesis Report

Macro Statistics
# RAMs                                                 : 1
 32x31-bit single-port Read Only RAM                   : 1
# Registers                                            : 992
 1-bit register                                        : 992
# Multiplexers                                         : 3
 31-bit 2-to-1 multiplexer                             : 1
 32-bit 32-to-1 multiplexer                            : 2

=========================================================================

=========================================================================
*                       Advanced HDL Synthesis                          *
=========================================================================


Synthesizing (advanced) Unit <decoder>.
INFO:Xst:3218 - HDL ADVISOR - The RAM <Mram_SELECTOR[4]_PWR_4_o_wide_mux_0_OUT> will be implemented on LUTs either because you have described an asynchronous read or because of currently unsupported block RAM features. If you have described an asynchronous read, making it synchronous would allow you to take advantage of available block RAM resources, for optimized device usage and improved timings. Please refer to your documentation for coding guidelines.
    -----------------------------------------------------------------------
    | ram_type           | Distributed                         |          |
    -----------------------------------------------------------------------
    | Port A                                                              |
    |     aspect ratio   | 32-word x 31-bit                    |          |
    |     weA            | connected to signal <GND>           | high     |
    |     addrA          | connected to signal <SELECTOR>      |          |
    |     diA            | connected to signal <GND>           |          |
    |     doA            | connected to internal node          |          |
    -----------------------------------------------------------------------
Unit <decoder> synthesized (advanced).

=========================================================================
Advanced HDL Synthesis Report

Macro Statistics
# RAMs                                                 : 1
 32x31-bit single-port distributed Read Only RAM       : 1
# Registers                                            : 992
 Flip-Flops                                            : 992
# Multiplexers                                         : 3
 31-bit 2-to-1 multiplexer                             : 1
 32-bit 32-to-1 multiplexer                            : 2

=========================================================================

=========================================================================
*                         Low Level Synthesis                           *
=========================================================================

Optimizing unit <BancoRegistros> ...

Optimizing unit <RegisterFile> ...

Mapping all equations...
Building and optimizing final netlist ...
Found area constraint ratio of 100 (+ 5) on block RegisterFile, actual ratio is 17.

Final Macro Processing ...

=========================================================================
Final Register Report

Macro Statistics
# Registers                                            : 992
 Flip-Flops                                            : 992

=========================================================================

=========================================================================
*                           Partition Report                            *
=========================================================================

Partition Implementation Status
-------------------------------

  No Partitions were found in this design.

-------------------------------

=========================================================================
*                            Design Summary                             *
=========================================================================

Top Level Output File Name         : RegisterFile.ngc

Primitive and Black Box Usage:
------------------------------
# BELS                             : 736
#      GND                         : 1
#      LUT6                        : 671
#      MUXF7                       : 64
# FlipFlops/Latches                : 992
#      FDE_1                       : 992
# Clock Buffers                    : 1
#      BUFGP                       : 1
# IO Buffers                       : 112
#      IBUF                        : 48
#      OBUF                        : 64

Device utilization summary:
---------------------------

Selected Device : 6slx16csg324-3 


Slice Logic Utilization: 
 Number of Slice Registers:             992  out of  18224     5%  
 Number of Slice LUTs:                  671  out of   9112     7%  
    Number used as Logic:               671  out of   9112     7%  

Slice Logic Distribution: 
 Number of LUT Flip Flop pairs used:   1119
   Number with an unused Flip Flop:     127  out of   1119    11%  
   Number with an unused LUT:           448  out of   1119    40%  
   Number of fully used LUT-FF pairs:   544  out of   1119    48%  
   Number of unique control sets:        31

IO Utilization: 
 Number of IOs:                         113
 Number of bonded IOBs:                 113  out of    232    48%  

Specific Feature Utilization:
 Number of BUFG/BUFGCTRLs:                1  out of     16     6%  

---------------------------
Partition Resource Summary:
---------------------------

  No Partitions were found in this design.

---------------------------


=========================================================================
Timing Report

NOTE: THESE TIMING NUMBERS ARE ONLY A SYNTHESIS ESTIMATE.
      FOR ACCURATE TIMING INFORMATION PLEASE REFER TO THE TRACE REPORT
      GENERATED AFTER PLACE-and-ROUTE.

Clock Information:
------------------
-----------------------------------+------------------------+-------+
Clock Signal                       | Clock buffer(FF name)  | Load  |
-----------------------------------+------------------------+-------+
CLK                                | BUFGP                  | 992   |
-----------------------------------+------------------------+-------+

Asynchronous Control Signals Information:
----------------------------------------
No asynchronous control signals found in this design

Timing Summary:
---------------
Speed Grade: -3

   Minimum period: No path found
   Minimum input arrival time before clock: 4.680ns
   Maximum output required time after clock: 5.834ns
   Maximum combinational path delay: 8.176ns

Timing Details:
---------------
All values displayed in nanoseconds (ns)

=========================================================================
Timing constraint: Default OFFSET IN BEFORE for Clock 'CLK'
  Total number of paths / destination ports: 6944 / 1984
-------------------------------------------------------------------------
Offset:              4.680ns (Levels of Logic = 2)
  Source:            WriteReg<3> (PAD)
  Destination:       R/R31/bit00/Q (FF)
  Destination Clock: CLK falling

  Data Path: WriteReg<3> to R/R31/bit00/Q
                                Gate     Net
    Cell:in->out      fanout   Delay   Delay  Logical Name (Net Name)
    ----------------------------------------  ------------
     IBUF:I->O            31   1.222   1.642  WriteReg_3_IBUF (WriteReg_3_IBUF)
     LUT6:I0->O           32   0.203   1.291  D/Mmux_ENABLER301 (outDec<8>)
     FDE_1:CE                  0.322          R/R08/bit31/Q
    ----------------------------------------
    Total                      4.680ns (1.747ns logic, 2.933ns route)
                                       (37.3% logic, 62.7% route)

=========================================================================
Timing constraint: Default OFFSET OUT AFTER for Clock 'CLK'
  Total number of paths / destination ports: 1984 / 64
-------------------------------------------------------------------------
Offset:              5.834ns (Levels of Logic = 4)
  Source:            R/R26/bit31/Q (FF)
  Destination:       ReadData1<31> (PAD)
  Source Clock:      CLK falling

  Data Path: R/R26/bit31/Q to ReadData1<31>
                                Gate     Net
    Cell:in->out      fanout   Delay   Delay  Logical Name (Net Name)
    ----------------------------------------  ------------
     FDE_1:C->Q            2   0.447   0.864  R/R26/bit31/Q (R/R26/bit31/Q)
     LUT6:I2->O            1   0.203   0.827  M2/Mmux_ReadData_873 (M2/Mmux_ReadData_873)
     LUT6:I2->O            1   0.203   0.000  M2/Mmux_ReadData_324 (M2/Mmux_ReadData_324)
     MUXF7:I1->O           1   0.140   0.579  M2/Mmux_ReadData_2_f7_23 (ReadData2_31_OBUF)
     OBUF:I->O                 2.571          ReadData2_31_OBUF (ReadData2<31>)
    ----------------------------------------
    Total                      5.834ns (3.564ns logic, 2.270ns route)
                                       (61.1% logic, 38.9% route)

=========================================================================
Timing constraint: Default path analysis
  Total number of paths / destination ports: 1344 / 64
-------------------------------------------------------------------------
Delay:               8.176ns (Levels of Logic = 5)
  Source:            ReadReg1<1> (PAD)
  Destination:       ReadData1<31> (PAD)

  Data Path: ReadReg1<1> to ReadData1<31>
                                Gate     Net
    Cell:in->out      fanout   Delay   Delay  Logical Name (Net Name)
    ----------------------------------------  ------------
     IBUF:I->O           256   1.222   2.431  ReadReg1_1_IBUF (ReadReg1_1_IBUF)
     LUT6:I0->O            1   0.203   0.827  M1/Mmux_ReadData_81 (M1/Mmux_ReadData_81)
     LUT6:I2->O            1   0.203   0.000  M1/Mmux_ReadData_3 (M1/Mmux_ReadData_3)
     MUXF7:I1->O           1   0.140   0.579  M1/Mmux_ReadData_2_f7 (ReadData1_0_OBUF)
     OBUF:I->O                 2.571          ReadData1_0_OBUF (ReadData1<0>)
    ----------------------------------------
    Total                      8.176ns (4.339ns logic, 3.837ns route)
                                       (53.1% logic, 46.9% route)

=========================================================================

Cross Clock Domains Report:
--------------------------

=========================================================================


Total REAL time to Xst completion: 27.00 secs
Total CPU time to Xst completion: 27.83 secs
 
--> 

Total memory usage is 149736 kilobytes

Number of errors   :    0 (   0 filtered)
Number of warnings :    0 (   0 filtered)
Number of infos    :    1 (   0 filtered)

