Release 14.7 - xst P.20131013 (nt)
Copyright (c) 1995-2013 Xilinx, Inc.  All rights reserved.
--> Parameter TMPDIR set to xst/projnav.tmp


Total REAL time to Xst completion: 0.00 secs
Total CPU time to Xst completion: 0.14 secs
 
--> Parameter xsthdpdir set to xst


Total REAL time to Xst completion: 0.00 secs
Total CPU time to Xst completion: 0.14 secs
 
--> Reading design: ALU.prj

TABLE OF CONTENTS
  1) Synthesis Options Summary
  2) HDL Parsing
  3) HDL Elaboration
  4) HDL Synthesis
       4.1) HDL Synthesis Report
  5) Advanced HDL Synthesis
       5.1) Advanced HDL Synthesis Report
  6) Low Level Synthesis
  7) Partition Report
  8) Design Summary
       8.1) Primitive and Black Box Usage
       8.2) Device utilization summary
       8.3) Partition Resource Summary
       8.4) Timing Report
            8.4.1) Clock Information
            8.4.2) Asynchronous Control Signals Information
            8.4.3) Timing Summary
            8.4.4) Timing Details
            8.4.5) Cross Clock Domains Report


=========================================================================
*                      Synthesis Options Summary                        *
=========================================================================
---- Source Parameters
Input File Name                    : "ALU.prj"
Ignore Synthesis Constraint File   : NO

---- Target Parameters
Output File Name                   : "ALU"
Output Format                      : NGC
Target Device                      : xc6slx16-3-csg324

---- Source Options
Top Module Name                    : ALU
Automatic FSM Extraction           : YES
FSM Encoding Algorithm             : Auto
Safe Implementation                : No
FSM Style                          : LUT
RAM Extraction                     : Yes
RAM Style                          : Auto
ROM Extraction                     : Yes
Shift Register Extraction          : YES
ROM Style                          : Auto
Resource Sharing                   : YES
Asynchronous To Synchronous        : NO
Shift Register Minimum Size        : 2
Use DSP Block                      : Auto
Automatic Register Balancing       : No

---- Target Options
LUT Combining                      : Auto
Reduce Control Sets                : Auto
Add IO Buffers                     : YES
Global Maximum Fanout              : 100000
Add Generic Clock Buffer(BUFG)     : 16
Register Duplication               : YES
Optimize Instantiated Primitives   : NO
Use Clock Enable                   : Auto
Use Synchronous Set                : Auto
Use Synchronous Reset              : Auto
Pack IO Registers into IOBs        : Auto
Equivalent register Removal        : YES

---- General Options
Optimization Goal                  : Speed
Optimization Effort                : 1
Power Reduction                    : NO
Keep Hierarchy                     : No
Netlist Hierarchy                  : As_Optimized
RTL Output                         : Yes
Global Optimization                : AllClockNets
Read Cores                         : YES
Write Timing Constraints           : NO
Cross Clock Analysis               : NO
Hierarchy Separator                : /
Bus Delimiter                      : <>
Case Specifier                     : Maintain
Slice Utilization Ratio            : 100
BRAM Utilization Ratio             : 100
DSP48 Utilization Ratio            : 100
Auto BRAM Packing                  : NO
Slice Utilization Ratio Delta      : 5

=========================================================================


=========================================================================
*                          HDL Parsing                                  *
=========================================================================
Parsing VHDL file "\\vboxsrv\downloads\Lab Arqui\Practica2\ALU.vhd" into library work
Parsing entity <ALU>.
Parsing architecture <Behavioral> of entity <alu>.

=========================================================================
*                            HDL Elaboration                            *
=========================================================================

Elaborating entity <ALU> (architecture <Behavioral>) from library <work>.

=========================================================================
*                           HDL Synthesis                               *
=========================================================================

Synthesizing Unit <ALU>.
    Related source file is "\\vboxsrv\downloads\Lab Arqui\Practica2\ALU.vhd".
    Found 32-bit adder for signal <C[31]_D[31]_add_4_OUT> created at line 56.
    Found 32-bit subtractor for signal <GND_4_o_GND_4_o_sub_6_OUT<31:0>> created at line 65.
    Found 32-bit 8-to-1 multiplexer for signal <RESULT> created at line 48.
    Found 32-bit comparator greater for signal <C[31]_D[31]_LessThan_7_o> created at line 68
    Summary:
	inferred   1 Adder/Subtractor(s).
	inferred   1 Comparator(s).
	inferred  13 Multiplexer(s).
Unit <ALU> synthesized.

=========================================================================
HDL Synthesis Report

Macro Statistics
# Adders/Subtractors                                   : 1
 32-bit addsub                                         : 1
# Comparators                                          : 1
 32-bit comparator greater                             : 1
# Multiplexers                                         : 13
 1-bit 2-to-1 multiplexer                              : 2
 32-bit 2-to-1 multiplexer                             : 11

=========================================================================
INFO:Xst:1767 - HDL ADVISOR - Resource sharing has identified that some arithmetic operations in this design can share the same physical resources for reduced device utilization. For improved clock frequency you may try to disable resource sharing.

=========================================================================
*                       Advanced HDL Synthesis                          *
=========================================================================


=========================================================================
Advanced HDL Synthesis Report

Macro Statistics
# Adders/Subtractors                                   : 1
 32-bit addsub                                         : 1
# Comparators                                          : 1
 32-bit comparator greater                             : 1
# Multiplexers                                         : 13
 1-bit 2-to-1 multiplexer                              : 2
 32-bit 2-to-1 multiplexer                             : 11

=========================================================================

=========================================================================
*                         Low Level Synthesis                           *
=========================================================================

Optimizing unit <ALU> ...

Mapping all equations...
Building and optimizing final netlist ...
Found area constraint ratio of 100 (+ 5) on block ALU, actual ratio is 1.

Final Macro Processing ...

=========================================================================
Final Register Report

Found no macro
=========================================================================

=========================================================================
*                           Partition Report                            *
=========================================================================

Partition Implementation Status
-------------------------------

  No Partitions were found in this design.

-------------------------------

=========================================================================
*                            Design Summary                             *
=========================================================================

Top Level Output File Name         : ALU.ngc

Primitive and Black Box Usage:
------------------------------
# BELS                             : 181
#      LUT2                        : 1
#      LUT4                        : 30
#      LUT5                        : 32
#      LUT6                        : 39
#      MUXCY                       : 46
#      VCC                         : 1
#      XORCY                       : 32
# IO Buffers                       : 100
#      IBUF                        : 67
#      OBUF                        : 33

Device utilization summary:
---------------------------

Selected Device : 6slx16csg324-3 


Slice Logic Utilization: 
 Number of Slice LUTs:                  102  out of   9112     1%  
    Number used as Logic:               102  out of   9112     1%  

Slice Logic Distribution: 
 Number of LUT Flip Flop pairs used:    102
   Number with an unused Flip Flop:     102  out of    102   100%  
   Number with an unused LUT:             0  out of    102     0%  
   Number of fully used LUT-FF pairs:     0  out of    102     0%  
   Number of unique control sets:         0

IO Utilization: 
 Number of IOs:                         100
 Number of bonded IOBs:                 100  out of    232    43%  

Specific Feature Utilization:

---------------------------
Partition Resource Summary:
---------------------------

  No Partitions were found in this design.

---------------------------


=========================================================================
Timing Report

NOTE: THESE TIMING NUMBERS ARE ONLY A SYNTHESIS ESTIMATE.
      FOR ACCURATE TIMING INFORMATION PLEASE REFER TO THE TRACE REPORT
      GENERATED AFTER PLACE-and-ROUTE.

Clock Information:
------------------
No clock signals found in this design

Asynchronous Control Signals Information:
----------------------------------------
No asynchronous control signals found in this design

Timing Summary:
---------------
Speed Grade: -3

   Minimum period: No path found
   Minimum input arrival time before clock: No path found
   Maximum output required time after clock: No path found
   Maximum combinational path delay: 12.537ns

Timing Details:
---------------
All values displayed in nanoseconds (ns)

=========================================================================
Timing constraint: Default path analysis
  Total number of paths / destination ports: 26567 / 33
-------------------------------------------------------------------------
Delay:               12.537ns (Levels of Logic = 26)
  Source:            B<0> (PAD)
  Destination:       ZEROFLAG (PAD)

  Data Path: B<0> to ZEROFLAG
                                Gate     Net
    Cell:in->out      fanout   Delay   Delay  Logical Name (Net Name)
    ----------------------------------------  ------------
     IBUF:I->O             6   1.222   0.992  B_0_IBUF (B_0_IBUF)
     LUT4:I0->O            1   0.203   0.000  Mcompar_C[31]_D[31]_LessThan_7_o_lut<0> (Mcompar_C[31]_D[31]_LessThan_7_o_lut<0>)
     MUXCY:S->O            1   0.172   0.000  Mcompar_C[31]_D[31]_LessThan_7_o_cy<0> (Mcompar_C[31]_D[31]_LessThan_7_o_cy<0>)
     MUXCY:CI->O           1   0.019   0.000  Mcompar_C[31]_D[31]_LessThan_7_o_cy<1> (Mcompar_C[31]_D[31]_LessThan_7_o_cy<1>)
     MUXCY:CI->O           1   0.019   0.000  Mcompar_C[31]_D[31]_LessThan_7_o_cy<2> (Mcompar_C[31]_D[31]_LessThan_7_o_cy<2>)
     MUXCY:CI->O           1   0.019   0.000  Mcompar_C[31]_D[31]_LessThan_7_o_cy<3> (Mcompar_C[31]_D[31]_LessThan_7_o_cy<3>)
     MUXCY:CI->O           1   0.019   0.000  Mcompar_C[31]_D[31]_LessThan_7_o_cy<4> (Mcompar_C[31]_D[31]_LessThan_7_o_cy<4>)
     MUXCY:CI->O           1   0.019   0.000  Mcompar_C[31]_D[31]_LessThan_7_o_cy<5> (Mcompar_C[31]_D[31]_LessThan_7_o_cy<5>)
     MUXCY:CI->O           1   0.019   0.000  Mcompar_C[31]_D[31]_LessThan_7_o_cy<6> (Mcompar_C[31]_D[31]_LessThan_7_o_cy<6>)
     MUXCY:CI->O           1   0.019   0.000  Mcompar_C[31]_D[31]_LessThan_7_o_cy<7> (Mcompar_C[31]_D[31]_LessThan_7_o_cy<7>)
     MUXCY:CI->O           1   0.019   0.000  Mcompar_C[31]_D[31]_LessThan_7_o_cy<8> (Mcompar_C[31]_D[31]_LessThan_7_o_cy<8>)
     MUXCY:CI->O           1   0.019   0.000  Mcompar_C[31]_D[31]_LessThan_7_o_cy<9> (Mcompar_C[31]_D[31]_LessThan_7_o_cy<9>)
     MUXCY:CI->O           1   0.019   0.000  Mcompar_C[31]_D[31]_LessThan_7_o_cy<10> (Mcompar_C[31]_D[31]_LessThan_7_o_cy<10>)
     MUXCY:CI->O           1   0.019   0.000  Mcompar_C[31]_D[31]_LessThan_7_o_cy<11> (Mcompar_C[31]_D[31]_LessThan_7_o_cy<11>)
     MUXCY:CI->O           1   0.019   0.000  Mcompar_C[31]_D[31]_LessThan_7_o_cy<12> (Mcompar_C[31]_D[31]_LessThan_7_o_cy<12>)
     MUXCY:CI->O           1   0.019   0.000  Mcompar_C[31]_D[31]_LessThan_7_o_cy<13> (Mcompar_C[31]_D[31]_LessThan_7_o_cy<13>)
     MUXCY:CI->O           1   0.213   0.580  Mcompar_C[31]_D[31]_LessThan_7_o_cy<14> (Mcompar_C[31]_D[31]_LessThan_7_o_cy<14>)
     LUT5:I4->O            3   0.205   0.651  Mcompar_C[31]_D[31]_LessThan_7_o_cy<15> (Mcompar_C[31]_D[31]_LessThan_7_o_cy<15>)
     LUT6:I5->O            1   0.205   0.000  Mmux_RESULT7_rs_lut<0> (Mmux_RESULT7_rs_lut<0>)
     MUXCY:S->O            1   0.172   0.000  Mmux_RESULT7_rs_cy<0> (Mmux_RESULT7_rs_cy<0>)
     XORCY:CI->O           2   0.180   0.981  Mmux_RESULT7_rs_xor<1> (RESULT_1_OBUF)
     LUT6:I0->O            1   0.203   0.684  Mmux_ZEROFLAG14 (Mmux_ZEROFLAG13)
     LUT6:I4->O            1   0.203   0.944  Mmux_ZEROFLAG15 (Mmux_ZEROFLAG14)
     LUT6:I0->O            1   0.203   0.924  Mmux_ZEROFLAG19_SW0 (N3)
     LUT6:I1->O            1   0.203   0.579  Mmux_ZEROFLAG19 (ZEROFLAG_OBUF)
     OBUF:I->O                 2.571          ZEROFLAG_OBUF (ZEROFLAG)
    ----------------------------------------
    Total                     12.537ns (6.202ns logic, 6.334ns route)
                                       (49.5% logic, 50.5% route)

=========================================================================

Cross Clock Domains Report:
--------------------------

=========================================================================


Total REAL time to Xst completion: 10.00 secs
Total CPU time to Xst completion: 9.53 secs
 
--> 

Total memory usage is 148008 kilobytes

Number of errors   :    0 (   0 filtered)
Number of warnings :    0 (   0 filtered)
Number of infos    :    1 (   0 filtered)

