Command line:
   MIPS_TB_isim_beh.exe
     -simmode  gui
     -simrunnum  0
     -socket  52144

Sun Nov 15 12:08:14 2020


 Elaboration Time: 0.0625 sec

 Current Memory Usage: 5190.15 Meg

 Total Signals          : 4232
 Total Nets             : 2863
 Total Signal Drivers   : 1037
 Total Blocks           : 1051
 Total Primitive Blocks : 1016
 Total Processes        : 1033
 Total Traceable Variables  : 20
 Total Scalar Nets and Variables : 3400
Total Line Count : 2125

 Total Simulation Time: 0.125 sec

 Current Memory Usage: 4718.29 Meg

Sun Nov 15 12:11:42 2020

