ISim log file
Running: C:\Users\bmbm2\Documents\TEC\Arquitectura de Computadoras\Practicas\Practica9\MIPSProcessor\MIPS_TB_isim_beh.exe -intstyle ise -gui -tclbatch isim.cmd -wdb C:/Users/bmbm2/Documents/TEC/Arquitectura de Computadoras/Practicas/Practica9/MIPSProcessor/MIPS_TB_isim_beh.wdb 
ISim P.20131013 (signature 0x7708f090)
WARNING: A WEBPACK license was found.
WARNING: Please use Xilinx License Configuration Manager to check out a full ISim license.
WARNING: ISim will run in Lite mode. Please refer to the ISim documentation for more information on the differences between the Lite and the Full version.
This is a Lite version of ISim.
Time resolution is 1 ps
# onerror resume
# wave add /
# run 1000 ns
Simulator is doing circuit initialization process.
at 0 ps, Instance /mips_tb/uut/InstructionMem/ : Warning: NUMERIC_STD.TO_INTEGER: metavalue detected, returning 0
Finished circuit initialization process.
at 300 ns(8), Instance /mips_tb/uut/DataMem/ : Warning: NUMERIC_STD.TO_INTEGER: metavalue detected, returning 0
at 500 ns(8), Instance /mips_tb/uut/DataMem/ : Warning: NUMERIC_STD.TO_INTEGER: metavalue detected, returning 0
at 700 ns(8), Instance /mips_tb/uut/DataMem/ : Warning: NUMERIC_STD.TO_INTEGER: metavalue detected, returning 0
at 900 ns(8), Instance /mips_tb/uut/DataMem/ : Warning: NUMERIC_STD.TO_INTEGER: metavalue detected, returning 0
ISim P.20131013 (signature 0x7708f090)
WARNING: A WEBPACK license was found.
WARNING: Please use Xilinx License Configuration Manager to check out a full ISim license.
WARNING: ISim will run in Lite mode. Please refer to the ISim documentation for more information on the differences between the Lite and the Full version.
This is a Lite version of ISim.
# run 1000 ns
Simulator is doing circuit initialization process.
at 0 ps, Instance /mips_tb/uut/InstructionMem/ : Warning: NUMERIC_STD.TO_INTEGER: metavalue detected, returning 0
Finished circuit initialization process.
at 400 ns(8), Instance /mips_tb/uut/DataMem/ : Warning: NUMERIC_STD.TO_INTEGER: metavalue detected, returning 0
at 600 ns(8), Instance /mips_tb/uut/DataMem/ : Warning: NUMERIC_STD.TO_INTEGER: metavalue detected, returning 0
at 800 ns(8), Instance /mips_tb/uut/DataMem/ : Warning: NUMERIC_STD.TO_INTEGER: metavalue detected, returning 0
at 1 us(8), Instance /mips_tb/uut/DataMem/ : Warning: NUMERIC_STD.TO_INTEGER: metavalue detected, returning 0
# run 1.00us
at 1200 ns(8), Instance /mips_tb/uut/DataMem/ : Warning: NUMERIC_STD.TO_INTEGER: metavalue detected, returning 0
at 1400 ns(8), Instance /mips_tb/uut/DataMem/ : Warning: NUMERIC_STD.TO_INTEGER: metavalue detected, returning 0
at 1600 ns(8), Instance /mips_tb/uut/DataMem/ : Warning: NUMERIC_STD.TO_INTEGER: metavalue detected, returning 0
at 1800 ns(8), Instance /mips_tb/uut/DataMem/ : Warning: NUMERIC_STD.TO_INTEGER: metavalue detected, returning 0
at 2 us(8), Instance /mips_tb/uut/DataMem/ : Warning: NUMERIC_STD.TO_INTEGER: metavalue detected, returning 0
