Running: C:\Xilinx\14.7\ISE_DS\ISE\bin\nt\unwrapped\fuse.exe -intstyle ise -incremental -lib secureip -o F:/Lab Arqui/Practica 3/MoriaROM/ROM_TestBench_isim_beh.exe -prj F:/Lab Arqui/Practica 3/MoriaROM/ROM_TestBench_beh.prj work.ROM_TestBench 
ISim P.20131013 (signature 0x8ef4fb42)
Number of CPUs detected in this system: 1
Turning on mult-threading, number of parallel sub-compilation jobs: 0 
Determining compilation order of HDL files
Parsing VHDL file "F:/Lab Arqui/Practica 3/MoriaROM/ROM.vhd" into library work
Parsing VHDL file "F:/Lab Arqui/Practica 3/MoriaROM/ROM_TestBench.vhd" into library work
Starting static elaboration
Completed static elaboration
Fuse Memory Usage: 79312 KB
Fuse CPU Usage: 430 ms
Compiling package standard
Compiling package std_logic_1164
Compiling package numeric_std
Compiling architecture behavioral of entity ROM [\ROM(32)\]
Compiling architecture behavior of entity rom_testbench
Time Resolution for simulation is 1ps.
Compiled 6 VHDL Units
Built simulation executable F:/Lab Arqui/Practica 3/MoriaROM/ROM_TestBench_isim_beh.exe
Fuse Memory Usage: 92692 KB
Fuse CPU Usage: 620 ms
