--------------------------------------------------------------------------------
Release 14.7 Trace  (nt)
Copyright (c) 1995-2013 Xilinx, Inc.  All rights reserved.

C:\Xilinx\14.7\ISE_DS\ISE\bin\nt\unwrapped\trce.exe -intstyle ise -v 3 -s 3 -n
3 -fastpaths -xml ALUControl.twx ALUControl.ncd -o ALUControl.twr
ALUControl.pcf

Design file:              ALUControl.ncd
Physical constraint file: ALUControl.pcf
Device,package,speed:     xc6slx16,csg324,C,-3 (PRODUCTION 1.23 2013-10-13)
Report level:             verbose report

Environment Variable      Effect 
--------------------      ------ 
NONE                      No environment variables were set
--------------------------------------------------------------------------------

INFO:Timing:2698 - No timing constraints found, doing default enumeration.
INFO:Timing:3412 - To improve timing, see the Timing Closure User Guide (UG612).
INFO:Timing:2752 - To get complete path coverage, use the unconstrained paths 
   option. All paths that are not constrained will be reported in the 
   unconstrained paths section(s) of the report.
INFO:Timing:3339 - The clock-to-out numbers in this timing report are based on 
   a 50 Ohm transmission line loading model.  For the details of this model, 
   and for more information on accounting for different loading conditions, 
   please see the device datasheet.



Data Sheet report:
-----------------
All values displayed in nanoseconds (ns)

Pad to Pad
---------------+---------------+---------+
Source Pad     |Destination Pad|  Delay  |
---------------+---------------+---------+
ALUop<0>       |ALUCtrl<0>     |    6.903|
ALUop<0>       |ALUCtrl<1>     |    6.705|
ALUop<0>       |ALUCtrl<2>     |    6.635|
ALUop<0>       |jr             |    6.902|
ALUop<1>       |ALUCtrl<0>     |    6.959|
ALUop<1>       |ALUCtrl<1>     |    6.714|
ALUop<1>       |ALUCtrl<2>     |    6.586|
ALUop<1>       |jr             |    6.536|
ALUop<2>       |ALUCtrl<0>     |    7.798|
ALUop<2>       |ALUCtrl<1>     |    6.654|
ALUop<2>       |ALUCtrl<2>     |    7.234|
ALUop<2>       |jr             |    6.606|
Func<0>        |ALUCtrl<0>     |    6.202|
Func<0>        |ALUCtrl<1>     |    7.362|
Func<0>        |ALUCtrl<2>     |    6.274|
Func<0>        |jr             |    6.888|
Func<1>        |ALUCtrl<0>     |    7.190|
Func<1>        |ALUCtrl<1>     |    7.539|
Func<1>        |ALUCtrl<2>     |    6.506|
Func<1>        |jr             |    6.202|
Func<2>        |ALUCtrl<0>     |    7.115|
Func<2>        |ALUCtrl<1>     |    7.464|
Func<2>        |ALUCtrl<2>     |    6.418|
Func<2>        |jr             |    6.244|
Func<3>        |ALUCtrl<0>     |    6.912|
Func<3>        |ALUCtrl<1>     |    7.205|
Func<3>        |ALUCtrl<2>     |    6.348|
Func<3>        |jr             |    6.476|
Func<4>        |ALUCtrl<0>     |    7.165|
Func<4>        |ALUCtrl<1>     |    6.271|
Func<4>        |ALUCtrl<2>     |    6.601|
Func<4>        |jr             |    6.485|
Func<5>        |ALUCtrl<0>     |    7.412|
Func<5>        |ALUCtrl<1>     |    6.581|
Func<5>        |ALUCtrl<2>     |    6.848|
Func<5>        |jr             |    6.348|
---------------+---------------+---------+


Analysis completed Sun Oct 18 16:55:20 2020 
--------------------------------------------------------------------------------

Trace Settings:
-------------------------
Trace Settings 

Peak Memory Usage: 143 MB



