--------------------------------------------------------------------------------
Release 14.7 Trace  (nt)
Copyright (c) 1995-2013 Xilinx, Inc.  All rights reserved.

C:\Xilinx\14.7\ISE_DS\ISE\bin\nt\unwrapped\trce.exe -intstyle ise -v 3 -s 3 -n
3 -fastpaths -xml Shitf_Left_2bits.twx Shitf_Left_2bits.ncd -o
Shitf_Left_2bits.twr Shitf_Left_2bits.pcf

Design file:              Shitf_Left_2bits.ncd
Physical constraint file: Shitf_Left_2bits.pcf
Device,package,speed:     xc6slx16,csg324,C,-3 (PRODUCTION 1.23 2013-10-13)
Report level:             verbose report

Environment Variable      Effect 
--------------------      ------ 
NONE                      No environment variables were set
--------------------------------------------------------------------------------

INFO:Timing:2698 - No timing constraints found, doing default enumeration.
INFO:Timing:3412 - To improve timing, see the Timing Closure User Guide (UG612).
INFO:Timing:2752 - To get complete path coverage, use the unconstrained paths 
   option. All paths that are not constrained will be reported in the 
   unconstrained paths section(s) of the report.
INFO:Timing:3339 - The clock-to-out numbers in this timing report are based on 
   a 50 Ohm transmission line loading model.  For the details of this model, 
   and for more information on accounting for different loading conditions, 
   please see the device datasheet.



Data Sheet report:
-----------------
All values displayed in nanoseconds (ns)

Pad to Pad
---------------+---------------+---------+
Source Pad     |Destination Pad|  Delay  |
---------------+---------------+---------+
A<0>           |B<2>           |    6.343|
A<1>           |B<3>           |    6.204|
A<2>           |B<4>           |    6.174|
A<3>           |B<5>           |    6.265|
A<4>           |B<6>           |    6.226|
A<5>           |B<7>           |    6.289|
A<6>           |B<8>           |    6.165|
A<7>           |B<9>           |    6.228|
A<8>           |B<10>          |    6.132|
A<9>           |B<11>          |    6.044|
A<10>          |B<12>          |    6.138|
A<11>          |B<13>          |    6.384|
A<12>          |B<14>          |    6.338|
A<13>          |B<15>          |    6.272|
A<14>          |B<16>          |    6.477|
A<15>          |B<17>          |    6.539|
A<16>          |B<18>          |    6.673|
A<17>          |B<19>          |    6.444|
A<18>          |B<20>          |    6.506|
A<19>          |B<21>          |    6.783|
A<20>          |B<22>          |    6.857|
A<21>          |B<23>          |    6.813|
A<22>          |B<24>          |    7.004|
A<23>          |B<25>          |    6.848|
A<24>          |B<26>          |    6.988|
A<25>          |B<27>          |    6.940|
---------------+---------------+---------+


Analysis completed Sun Aug 23 17:52:50 2020 
--------------------------------------------------------------------------------

Trace Settings:
-------------------------
Trace Settings 

Peak Memory Usage: 143 MB



